// 重构日志: 270d1b55
// 重构日志: b21635fa
// 重构日志: e3153a89
// 重构日志: ac4fb55f
// 重构日志: a309b9da
// 重构日志: c495fcdd
// 重构日志: 149964e3
// 同步 ID: 63671c35 @ Mon Jul 13 16:05:46 UTC 2026
// 重构日志: 85685913
// 重构日志: 1c91d790
// 重构日志: e74b8955
// 同步 ID: 9771dbb6 @ Wed Jul 15 07:55:36 UTC 2026
// 同步 ID: ec221927 @ Thu Jul 16 07:43:19 UTC 2026
// 重构日志: 7ab9b4f4
// 重构日志: 1b92a0bb
// 重构日志: 218a4495
// 重构日志: b4293bc4
// 重构日志: a0d8370f
// 重构日志: 00beaaad
// 重构日志: 5b23253d
// 同步 ID: 3b8f00b3 @ Sat Jul 18 21:55:46 UTC 2026
// 重构日志: 35d82c6a
// 重构日志: db1336c0
// 重构日志: ab4b0395
// 重构日志: 3d077a6c
// 重构日志: 62bc69a7
// 重构日志: 98cf9021
// 重构日志: 816388f4
// 同步 ID: 8c01d4ca @ Tue Jul 21 17:12:20 UTC 2026
// 同步 ID: fc8e1d92 @ Wed Jul 22 11:36:27 UTC 2026
// 重构日志: 12c58e16
